<?xml version="1.0" encoding="UTF-8"?>
<testsuite xmlns:xsi="http://www.w3.org/2001/XMLSchema-instance" xsi:noNamespaceSchemaLocation="https://maven.apache.org/surefire/maven-surefire-plugin/xsd/surefire-test-report.xsd" name="com.towerofhanoi.demo.DemoApplicationTests" time="2.31" tests="7" errors="0" skipped="0" failures="0">
  <properties>
[...]
</properties>
  <testcase name="souldCreateAllMovesForHanoiTowersWithoutDisk" classname="com.towerofhanoi.demo.DemoApplicationTests" time="0.452"/>
  <testcase name="souldResetTowerMoves" classname="com.towerofhanoi.demo.DemoApplicationTests" time="0.002"/>
  <testcase name="souldCreateAllMovesForHanoiTowersWithSize1" classname="com.towerofhanoi.demo.DemoApplicationTests" time="0.003"/>
  <testcase name="souldCreateAllMovesForHanoiTowersWithSize2" classname="com.towerofhanoi.demo.DemoApplicationTests" time="0.003"/>
  <testcase name="souldCreateAllMovesForHanoiTowersWithSize3" classname="com.towerofhanoi.demo.DemoApplicationTests" time="0.001"/>
  <testcase name="souldCreateAllMovesForHanoiTowersWithSize4" classname="com.towerofhanoi.demo.DemoApplicationTests" time="0.002"/>
  <testcase name="souldBe7TotalMovesFor3Disks" classname="com.towerofhanoi.demo.DemoApplicationTests" time="0.003"/>
</testsuite>